<?xml version="1.0" encoding="UTF-8"?>
<!-- Generated by org.testng.reporters.JUnitXMLReporter -->
<testsuite ignored="1" hostname="anandsr-ltmmgcp.internal.salesforce.com" failures="1" tests="3" name="Add to Hire me Test Cases" time="91.179" errors="0" timestamp="2023-11-08T11:18:33 IST">
  <testcase classname="com.thtechops.qa.AddTohireme.testcases.T1_Add_to_Hire_Me_functionality" name="navigateToUrl" time="6.999"/>
  <testcase classname="com.thtechops.qa.AddTohireme.testcases.T1_Add_to_Hire_Me_functionality" name="_1_LogIn_HelpPortal" time="40.981"/>
  <testcase classname="com.thtechops.qa.AddTohireme.testcases.T1_Add_to_Hire_Me_functionality" name="_2_add_hire_me_functionality" time="35.519">
    <failure type="org.openqa.selenium.ElementClickInterceptedException" message="element click intercepted: Element &amp;lt;div class=&amp;quot;faux&amp;quot; aria-hidden=&amp;quot;true&amp;quot;&amp;gt;&amp;lt;/div&amp;gt; is not clickable at point (412, 11). Other element would receive the click: &amp;lt;hgf-c360nav locale=&amp;quot;uk&amp;quot; search=&amp;quot;true&amp;quot;&amp;gt;...&amp;lt;/hgf-c360nav&amp;gt;
  (Session info: chrome=118.0.5993.117)
Build info: version: &amp;apos;4.12.1&amp;apos;, revision: &amp;apos;8e34639b11&amp;apos;
System info: os.name: &amp;apos;Mac OS X&amp;apos;, os.arch: &amp;apos;x86_64&amp;apos;, os.version: &amp;apos;13.5&amp;apos;, java.version: &amp;apos;15.0.9&amp;apos;
Driver info: org.openqa.selenium.chrome.ChromeDriver
Command: [9f0b83a443f4c708bc6029dc2a3c022f, clickElement {id=56A88AC7E2294287CFF465E1EF5D0BF6_element_37}]
Capabilities {acceptInsecureCerts: false, browserName: chrome, browserVersion: 118.0.5993.117, chrome: {chromedriverVersion: 118.0.5993.70 (e52f33f30b91..., userDataDir: /var/folders/v6/pngrr1gn32z...}, fedcm:accounts: true, goog:chromeOptions: {debuggerAddress: localhost:51985}, networkConnectionEnabled: false, pageLoadStrategy: normal, platformName: mac, proxy: Proxy(), se:cdp: ws://localhost:51985/devtoo..., se:cdpVersion: 118.0.5993.117, setWindowRect: true, strictFileInteractability: false, timeouts: {implicit: 0, pageLoad: 300000, script: 30000}, unhandledPromptBehavior: dismiss and notify, webauthn:extension:credBlob: true, webauthn:extension:largeBlob: true, webauthn:extension:minPinLength: true, webauthn:extension:prf: true, webauthn:virtualAuthenticators: true}
Element: [[org.openqa.selenium.remote.ShadowRoot@66048ac4] -&amp;gt; css selector: .faux]
Session ID: 9f0b83a443f4c708bc6029dc2a3c022f">
      <![CDATA[org.openqa.selenium.ElementClickInterceptedException: element click intercepted: Element <div class="faux" aria-hidden="true"></div> is not clickable at point (412, 11). Other element would receive the click: <hgf-c360nav locale="uk" search="true">...</hgf-c360nav>
  (Session info: chrome=118.0.5993.117)
Build info: version: '4.12.1', revision: '8e34639b11'
System info: os.name: 'Mac OS X', os.arch: 'x86_64', os.version: '13.5', java.version: '15.0.9'
Driver info: org.openqa.selenium.chrome.ChromeDriver
Command: [9f0b83a443f4c708bc6029dc2a3c022f, clickElement {id=56A88AC7E2294287CFF465E1EF5D0BF6_element_37}]
Capabilities {acceptInsecureCerts: false, browserName: chrome, browserVersion: 118.0.5993.117, chrome: {chromedriverVersion: 118.0.5993.70 (e52f33f30b91..., userDataDir: /var/folders/v6/pngrr1gn32z...}, fedcm:accounts: true, goog:chromeOptions: {debuggerAddress: localhost:51985}, networkConnectionEnabled: false, pageLoadStrategy: normal, platformName: mac, proxy: Proxy(), se:cdp: ws://localhost:51985/devtoo..., se:cdpVersion: 118.0.5993.117, setWindowRect: true, strictFileInteractability: false, timeouts: {implicit: 0, pageLoad: 300000, script: 30000}, unhandledPromptBehavior: dismiss and notify, webauthn:extension:credBlob: true, webauthn:extension:largeBlob: true, webauthn:extension:minPinLength: true, webauthn:extension:prf: true, webauthn:virtualAuthenticators: true}
Element: [[org.openqa.selenium.remote.ShadowRoot@66048ac4] -> css selector: .faux]
Session ID: 9f0b83a443f4c708bc6029dc2a3c022f
at org.openqa.selenium.remote.codec.w3c.W3CHttpResponseCodec.createException(W3CHttpResponseCodec.java:200)
at org.openqa.selenium.remote.codec.w3c.W3CHttpResponseCodec.decode(W3CHttpResponseCodec.java:133)
at org.openqa.selenium.remote.codec.w3c.W3CHttpResponseCodec.decode(W3CHttpResponseCodec.java:52)
at org.openqa.selenium.remote.HttpCommandExecutor.execute(HttpCommandExecutor.java:191)
at org.openqa.selenium.remote.service.DriverCommandExecutor.invokeExecute(DriverCommandExecutor.java:196)
at org.openqa.selenium.remote.service.DriverCommandExecutor.execute(DriverCommandExecutor.java:171)
at org.openqa.selenium.remote.RemoteWebDriver.execute(RemoteWebDriver.java:602)
at org.openqa.selenium.remote.RemoteWebElement.execute(RemoteWebElement.java:224)
at org.openqa.selenium.remote.RemoteWebElement.click(RemoteWebElement.java:77)
at com.thtechops.qa.automation.pageObjects.Trailhead_UI_Page.verifySettingPageFunctionality(Trailhead_UI_Page.java:602)
at com.thtechops.qa.AddTohireme.testcases.T1_Add_to_Hire_Me_functionality._2_add_hire_me_functionality(T1_Add_to_Hire_Me_functionality.java:117)
at java.base/java.util.ArrayList.forEach(ArrayList.java:1511)
... Removed 33 stack frames]]>
    </failure>
  </testcase> <!-- _2_add_hire_me_functionality -->
  <testcase classname="com.thtechops.qa.AddTohireme.testcases.T1_Add_to_Hire_Me_functionality" name="_3_drm_validation" time="0.0">
    <ignored/>
  </testcase> <!-- _3_drm_validation -->
</testsuite> <!-- Add to Hire me Test Cases -->
