<?xml version="1.0" encoding="UTF-8"?>
<!-- Generated by org.testng.reporters.JUnitReportReporter -->
<testsuite hostname="anandsr-ltmmgcp.internal.salesforce.com" failures="0" tests="4" name="com.thtechops.qa.AddTohireme.testcases.T1_Add_to_Hire_Me_functionality" time="83.499" errors="1" timestamp="2023-11-08T11:18:34 IST" skipped="1">
  <testcase classname="com.thtechops.qa.AddTohireme.testcases.T1_Add_to_Hire_Me_functionality" name="navigateToUrl" time="6.999"/>
  <testcase classname="com.thtechops.qa.AddTohireme.testcases.T1_Add_to_Hire_Me_functionality" name="_1_LogIn_HelpPortal" time="40.981"/>
  <testcase classname="com.thtechops.qa.AddTohireme.testcases.T1_Add_to_Hire_Me_functionality" name="_2_add_hire_me_functionality" time="35.519">
    <error message="element click intercepted: Element &lt;div class=&quot;faux&quot; aria-hidden=&quot;true&quot;&gt;&lt;/div&gt; is not clickable at point (412, 11). Other element would receive the click: &lt;hgf-c360nav locale=&quot;uk&quot; search=&quot;true&quot;&gt;...&lt;/hgf-c360nav&gt;
  (Session info: chrome=118.0.5993.117)
Build info: version: &#039;4.12.1&#039;, revision: &#039;8e34639b11&#039;
System info: os.name: &#039;Mac OS X&#039;, os.arch: &#039;x86_64&#039;, os.version: &#039;13.5&#039;, java.version: &#039;15.0.9&#039;
Driver info: org.openqa.selenium.chrome.ChromeDriver
Command: [9f0b83a443f4c708bc6029dc2a3c022f, clickElement {id=56A88AC7E2294287CFF465E1EF5D0BF6_element_37}]
Capabilities {acceptInsecureCerts: false, browserName: chrome, browserVersion: 118.0.5993.117, chrome: {chromedriverVersion: 118.0.5993.70 (e52f33f30b91..., userDataDir: /var/folders/v6/pngrr1gn32z...}, fedcm:accounts: true, goog:chromeOptions: {debuggerAddress: localhost:51985}, networkConnectionEnabled: false, pageLoadStrategy: normal, platformName: mac, proxy: Proxy(), se:cdp: ws://localhost:51985/devtoo..., se:cdpVersion: 118.0.5993.117, setWindowRect: true, strictFileInteractability: false, timeouts: {implicit: 0, pageLoad: 300000, script: 30000}, unhandledPromptBehavior: dismiss and notify, webauthn:extension:credBlob: true, webauthn:extension:largeBlob: true, webauthn:extension:minPinLength: true, webauthn:extension:prf: true, webauthn:virtualAuthenticators: true}
Element: [[org.openqa.selenium.remote.ShadowRoot@66048ac4] -&gt; css selector: .faux]
Session ID: 9f0b83a443f4c708bc6029dc2a3c022f" type="org.openqa.selenium.ElementClickInterceptedException">
      <![CDATA[org.openqa.selenium.ElementClickInterceptedException: element click intercepted: Element <div class="faux" aria-hidden="true"></div> is not clickable at point (412, 11). Other element would receive the click: <hgf-c360nav locale="uk" search="true">...</hgf-c360nav>
  (Session info: chrome=118.0.5993.117)
Build info: version: '4.12.1', revision: '8e34639b11'
System info: os.name: 'Mac OS X', os.arch: 'x86_64', os.version: '13.5', java.version: '15.0.9'
Driver info: org.openqa.selenium.chrome.ChromeDriver
Command: [9f0b83a443f4c708bc6029dc2a3c022f, clickElement {id=56A88AC7E2294287CFF465E1EF5D0BF6_element_37}]
Capabilities {acceptInsecureCerts: false, browserName: chrome, browserVersion: 118.0.5993.117, chrome: {chromedriverVersion: 118.0.5993.70 (e52f33f30b91..., userDataDir: /var/folders/v6/pngrr1gn32z...}, fedcm:accounts: true, goog:chromeOptions: {debuggerAddress: localhost:51985}, networkConnectionEnabled: false, pageLoadStrategy: normal, platformName: mac, proxy: Proxy(), se:cdp: ws://localhost:51985/devtoo..., se:cdpVersion: 118.0.5993.117, setWindowRect: true, strictFileInteractability: false, timeouts: {implicit: 0, pageLoad: 300000, script: 30000}, unhandledPromptBehavior: dismiss and notify, webauthn:extension:credBlob: true, webauthn:extension:largeBlob: true, webauthn:extension:minPinLength: true, webauthn:extension:prf: true, webauthn:virtualAuthenticators: true}
Element: [[org.openqa.selenium.remote.ShadowRoot@66048ac4] -> css selector: .faux]
Session ID: 9f0b83a443f4c708bc6029dc2a3c022f
at java.base/jdk.internal.reflect.NativeConstructorAccessorImpl.newInstance0(Native Method)
at java.base/jdk.internal.reflect.NativeConstructorAccessorImpl.newInstance(NativeConstructorAccessorImpl.java:64)
at java.base/jdk.internal.reflect.DelegatingConstructorAccessorImpl.newInstance(DelegatingConstructorAccessorImpl.java:45)
at java.base/java.lang.reflect.Constructor.newInstanceWithCaller(Constructor.java:500)
at java.base/java.lang.reflect.Constructor.newInstance(Constructor.java:481)
at org.openqa.selenium.remote.codec.w3c.W3CHttpResponseCodec.createException(W3CHttpResponseCodec.java:200)
at org.openqa.selenium.remote.codec.w3c.W3CHttpResponseCodec.decode(W3CHttpResponseCodec.java:133)
at org.openqa.selenium.remote.codec.w3c.W3CHttpResponseCodec.decode(W3CHttpResponseCodec.java:52)
at org.openqa.selenium.remote.HttpCommandExecutor.execute(HttpCommandExecutor.java:191)
at org.openqa.selenium.remote.service.DriverCommandExecutor.invokeExecute(DriverCommandExecutor.java:196)
at org.openqa.selenium.remote.service.DriverCommandExecutor.execute(DriverCommandExecutor.java:171)
at org.openqa.selenium.remote.RemoteWebDriver.execute(RemoteWebDriver.java:602)
at org.openqa.selenium.remote.RemoteWebElement.execute(RemoteWebElement.java:224)
at org.openqa.selenium.remote.RemoteWebElement.click(RemoteWebElement.java:77)
at com.thtechops.qa.automation.pageObjects.Trailhead_UI_Page.verifySettingPageFunctionality(Trailhead_UI_Page.java:602)
at com.thtechops.qa.AddTohireme.testcases.T1_Add_to_Hire_Me_functionality._2_add_hire_me_functionality(T1_Add_to_Hire_Me_functionality.java:117)
at java.base/jdk.internal.reflect.NativeMethodAccessorImpl.invoke0(Native Method)
at java.base/jdk.internal.reflect.NativeMethodAccessorImpl.invoke(NativeMethodAccessorImpl.java:64)
at java.base/jdk.internal.reflect.DelegatingMethodAccessorImpl.invoke(DelegatingMethodAccessorImpl.java:43)
at java.base/java.lang.reflect.Method.invoke(Method.java:564)
at org.testng.internal.invokers.MethodInvocationHelper.invokeMethod(MethodInvocationHelper.java:139)
at org.testng.internal.invokers.TestInvoker.invokeMethod(TestInvoker.java:664)
at org.testng.internal.invokers.TestInvoker.invokeTestMethod(TestInvoker.java:227)
at org.testng.internal.invokers.MethodRunner.runInSequence(MethodRunner.java:50)
at org.testng.internal.invokers.TestInvoker$MethodInvocationAgent.invoke(TestInvoker.java:957)
at org.testng.internal.invokers.TestInvoker.invokeTestMethods(TestInvoker.java:200)
at org.testng.internal.invokers.TestMethodWorker.invokeTestMethods(TestMethodWorker.java:148)
at org.testng.internal.invokers.TestMethodWorker.run(TestMethodWorker.java:128)
at java.base/java.util.ArrayList.forEach(ArrayList.java:1511)
at org.testng.TestRunner.privateRun(TestRunner.java:848)
at org.testng.TestRunner.run(TestRunner.java:621)
at org.testng.SuiteRunner.runTest(SuiteRunner.java:443)
at org.testng.SuiteRunner.runSequentially(SuiteRunner.java:437)
at org.testng.SuiteRunner.privateRun(SuiteRunner.java:397)
at org.testng.SuiteRunner.run(SuiteRunner.java:336)
at org.testng.SuiteRunnerWorker.runSuite(SuiteRunnerWorker.java:52)
at org.testng.SuiteRunnerWorker.run(SuiteRunnerWorker.java:95)
at org.testng.TestNG.runSuitesSequentially(TestNG.java:1280)
at org.testng.TestNG.runSuitesSequentially(TestNG.java:1275)
at org.testng.TestNG.runSuitesLocally(TestNG.java:1200)
at org.testng.TestNG.runSuites(TestNG.java:1114)
at org.testng.TestNG.run(TestNG.java:1082)
at org.testng.remote.AbstractRemoteTestNG.run(AbstractRemoteTestNG.java:115)
at org.testng.remote.RemoteTestNG.initAndRun(RemoteTestNG.java:251)
at org.testng.remote.RemoteTestNG.main(RemoteTestNG.java:77)
]]>
    </error>
  </testcase> <!-- _2_add_hire_me_functionality -->
  <testcase classname="com.thtechops.qa.AddTohireme.testcases.T1_Add_to_Hire_Me_functionality" name="_3_drm_validation">
    <skipped/>
  </testcase> <!-- _3_drm_validation -->
</testsuite> <!-- com.thtechops.qa.AddTohireme.testcases.T1_Add_to_Hire_Me_functionality -->
